2024-12-02 11:30:14.870 [info] Added views:outline in workbench.view.explorer
2024-12-02 11:30:14.870 [info] Added views:workbench.view.search in workbench.view.search
2024-12-02 11:30:14.870 [info] Added views:workbench.scm in workbench.view.scm
2024-12-02 11:30:14.870 [info] Added views:workbench.panel.markers.view in workbench.panel.markers
2024-12-02 11:30:14.870 [info] Added views:workbench.panel.output in workbench.panel.output
2024-12-02 11:30:14.870 [info] Added views:terminal in terminal
2024-12-02 11:30:14.870 [info] Added views:timeline in workbench.view.explorer
2024-12-02 11:30:14.870 [info] Added views:workbench.explorer.emptyView in workbench.view.explorer
2024-12-02 11:30:15.259 [info] Added views:workbench.debug.variablesView,workbench.debug.watchExpressionsView,workbench.debug.callStackView,workbench.debug.breakPointsView in workbench.view.debug
2024-12-02 11:30:15.351 [info] Added views:workbench.panel.repl.view in workbench.panel.repl
2024-12-02 11:30:15.352 [info] Removed views:workbench.debug.breakPointsView,workbench.debug.callStackView,workbench.debug.watchExpressionsView,workbench.debug.variablesView from workbench.view.debug
2024-12-02 11:30:15.352 [info] Added views:workbench.debug.welcome in workbench.view.debug
2024-12-02 11:30:15.373 [info] Added views:~remote.forwardedPorts in ~remote.forwardedPortsContainer
2024-12-02 11:30:30.869 [info] Added views:outline in workbench.view.explorer
2024-12-02 11:30:30.869 [info] Added views:workbench.view.search in workbench.view.search
2024-12-02 11:30:30.869 [info] Added views:workbench.scm in workbench.view.scm
2024-12-02 11:30:30.869 [info] Added views:workbench.panel.markers.view in workbench.panel.markers
2024-12-02 11:30:30.869 [info] Added views:workbench.panel.output in workbench.panel.output
2024-12-02 11:30:30.869 [info] Added views:terminal in terminal
2024-12-02 11:30:30.869 [info] Added views:timeline in workbench.view.explorer
2024-12-02 11:30:30.869 [info] Added views:workbench.explorer.fileView in workbench.view.explorer
2024-12-02 11:30:31.357 [info] Added views:workbench.debug.variablesView,workbench.debug.watchExpressionsView,workbench.debug.callStackView,workbench.debug.breakPointsView in workbench.view.debug
2024-12-02 11:30:31.416 [info] Added views:workbench.panel.repl.view in workbench.panel.repl
2024-12-02 11:30:31.417 [info] Removed views:workbench.debug.breakPointsView,workbench.debug.callStackView,workbench.debug.watchExpressionsView,workbench.debug.variablesView from workbench.view.debug
2024-12-02 11:30:31.418 [info] Added views:workbench.debug.welcome in workbench.view.debug
2024-12-02 11:30:31.601 [info] Added views:~remote.forwardedPorts in ~remote.forwardedPortsContainer
2024-12-02 11:35:39.985 [info] Added views:workbench.views.extensions.installed,workbench.views.extensions.popular,extensions.recommendedList in workbench.view.extensions
2024-12-02 11:35:39.987 [info] Removed views:workbench.views.extensions.popular from workbench.view.extensions
2024-12-02 11:35:40.111 [info] Added views:workbench.views.extensions.popular in workbench.view.extensions
2024-12-02 11:35:42.153 [info] Removed views:extensions.recommendedList,workbench.views.extensions.popular,workbench.views.extensions.installed from workbench.view.extensions
2024-12-02 11:35:42.160 [info] Added views:workbench.views.extensions.marketplace in workbench.view.extensions
