[Info  - 11:36:31] Initialising intelephense 1.12.6
[Info  - 11:36:31] Initialised in 6 ms
[Info  - 11:36:31] Searching file:///root/.vscode/extensions/bmewburn.vscode-intelephense-client-1.12.6/node_modules/intelephense/lib/stub for files to index.
[Info  - 11:36:31] Searching file:///opt/lampp/htdocs/debian for files to index.
[Info  - 11:36:31] Indexing started.
[Info  - 11:36:32] Searching file:///opt/lampp/htdocs/debian/~/.vscode-root/User/globalStorage/bmewburn.vscode-intelephense-client for files to index.
[Info  - 11:36:32] Searching file:///opt/lampp/htdocs/debian/~/.vscode-root/User/workspaceStorage/c0893fea2831ab5ca905fff42b94a76c/bmewburn.vscode-intelephense-client for files to index.
[Info  - 11:36:32] Indexing ended. 228 files indexed in 1s.
[Info  - 11:36:32] Writing state to /opt/lampp/htdocs/debian/~/.vscode-root/User/workspaceStorage/c0893fea2831ab5ca905fff42b94a76c/bmewburn.vscode-intelephense-client/3425f039.
[Info  - 11:36:32] Wrote state in 0.1s.
[Info  - 11:40:04] Searching file:///opt/lampp/htdocs/debian/~/.vscode-root/User/workspaceStorage for files to index.
[Info  - 11:40:04] Searching file:///opt/lampp/htdocs/debian/~/.vscode-root/User/globalStorage for files to index.
[Info  - 11:40:04] Searching file:///opt/lampp/htdocs/debian/~/.vscode-root/User/snippets for files to index.
[Info  - 11:40:04] Searching file:///opt/lampp/htdocs/debian/~/.vscode-root/User/History for files to index.
[Info  - 11:40:04] Searching file:///opt/lampp/htdocs/debian/auth for files to index.
[Info  - 11:40:04] Searching file:///opt/lampp/htdocs/debian/config for files to index.
[Info  - 11:40:04] Searching file:///opt/lampp/htdocs/debian/css for files to index.
[Info  - 11:40:04] Searching file:///opt/lampp/htdocs/debian/img for files to index.
[Info  - 11:40:04] Searching file:///opt/lampp/htdocs/debian/js for files to index.
[Info  - 11:40:04] Searching file:///opt/lampp/htdocs/debian/js/demo for files to index.
[Info  - 11:40:04] Searching file:///opt/lampp/htdocs/debian/modules for files to index.
[Info  - 11:40:04] Searching file:///opt/lampp/htdocs/debian/modules/ciudad for files to index.
[Info  - 11:40:04] Searching file:///opt/lampp/htdocs/debian/modules/clientes for files to index.
[Info  - 11:40:04] Searching file:///opt/lampp/htdocs/debian/modules/compras for files to index.
[Info  - 11:40:04] Searching file:///opt/lampp/htdocs/debian/modules/departamento for files to index.
[Info  - 11:40:04] Searching file:///opt/lampp/htdocs/debian/modules/deposito for files to index.
[Info  - 11:40:04] Searching file:///opt/lampp/htdocs/debian/modules/producto for files to index.
[Info  - 11:40:04] Searching file:///opt/lampp/htdocs/debian/modules/proveedor for files to index.
[Info  - 11:40:04] Searching file:///opt/lampp/htdocs/debian/modules/reset_password for files to index.
[Info  - 11:40:04] Searching file:///opt/lampp/htdocs/debian/modules/stock for files to index.
[Info  - 11:40:04] Searching file:///opt/lampp/htdocs/debian/modules/tipo_producto for files to index.
[Info  - 11:40:04] Searching file:///opt/lampp/htdocs/debian/modules/u_medida for files to index.
[Info  - 11:40:04] Searching file:///opt/lampp/htdocs/debian/modules/usuario for files to index.
[Info  - 11:40:04] Searching file:///opt/lampp/htdocs/debian/modules/usuario2 for files to index.
[Info  - 11:40:04] Searching file:///opt/lampp/htdocs/debian/modules/ventas for files to index.
[Info  - 11:40:04] Searching file:///opt/lampp/htdocs/debian/reporte for files to index.
[Info  - 11:40:04] Searching file:///opt/lampp/htdocs/debian/reporte/fpdf185 for files to index.
[Info  - 11:40:04] Searching file:///opt/lampp/htdocs/debian/reporte/fpdf185/doc for files to index.
[Info  - 11:40:04] Searching file:///opt/lampp/htdocs/debian/reporte/fpdf185/font for files to index.
[Info  - 11:40:04] Searching file:///opt/lampp/htdocs/debian/reporte/fpdf185/makefont for files to index.
[Info  - 11:40:04] Searching file:///opt/lampp/htdocs/debian/reporte/fpdf185/tutorial for files to index.
[Info  - 11:40:04] Searching file:///opt/lampp/htdocs/debian/scss for files to index.
[Info  - 11:40:04] Searching file:///opt/lampp/htdocs/debian/scss/navs for files to index.
[Info  - 11:40:04] Searching file:///opt/lampp/htdocs/debian/scss/utilities for files to index.
[Info  - 11:40:04] Searching file:///opt/lampp/htdocs/debian/vendor for files to index.
[Info  - 11:40:04] Searching file:///opt/lampp/htdocs/debian/vendor/bootstrap for files to index.
[Info  - 11:40:04] Searching file:///opt/lampp/htdocs/debian/vendor/bootstrap/js for files to index.
[Info  - 11:40:04] Searching file:///opt/lampp/htdocs/debian/vendor/bootstrap/scss for files to index.
[Info  - 11:40:04] Searching file:///opt/lampp/htdocs/debian/vendor/bootstrap/scss/mixins for files to index.
[Info  - 11:40:04] Searching file:///opt/lampp/htdocs/debian/vendor/bootstrap/scss/utilities for files to index.
[Info  - 11:40:04] Searching file:///opt/lampp/htdocs/debian/vendor/chart.js for files to index.
[Info  - 11:40:04] Searching file:///opt/lampp/htdocs/debian/vendor/datatables for files to index.
[Info  - 11:40:04] Searching file:///opt/lampp/htdocs/debian/vendor/fontawesome-free for files to index.
[Info  - 11:40:04] Searching file:///opt/lampp/htdocs/debian/vendor/fontawesome-free/css for files to index.
[Info  - 11:40:04] Searching file:///opt/lampp/htdocs/debian/vendor/fontawesome-free/js for files to index.
[Info  - 11:40:04] Searching file:///opt/lampp/htdocs/debian/vendor/fontawesome-free/less for files to index.
[Info  - 11:40:04] Searching file:///opt/lampp/htdocs/debian/vendor/fontawesome-free/metadata for files to index.
[Info  - 11:40:04] Searching file:///opt/lampp/htdocs/debian/vendor/fontawesome-free/scss for files to index.
[Info  - 11:40:04] Searching file:///opt/lampp/htdocs/debian/vendor/fontawesome-free/sprites for files to index.
[Info  - 11:40:04] Searching file:///opt/lampp/htdocs/debian/vendor/fontawesome-free/svgs for files to index.
[Info  - 11:40:04] Searching file:///opt/lampp/htdocs/debian/vendor/fontawesome-free/svgs/brands for files to index.
[Info  - 11:40:04] Searching file:///opt/lampp/htdocs/debian/vendor/fontawesome-free/svgs/regular for files to index.
[Info  - 11:40:04] Searching file:///opt/lampp/htdocs/debian/vendor/fontawesome-free/svgs/solid for files to index.
[Info  - 11:40:04] Searching file:///opt/lampp/htdocs/debian/vendor/fontawesome-free/webfonts for files to index.
[Info  - 11:40:04] Searching file:///opt/lampp/htdocs/debian/vendor/jquery for files to index.
[Info  - 11:40:04] Searching file:///opt/lampp/htdocs/debian/vendor/jquery-easing for files to index.
[Info  - 11:40:04] Searching file:///opt/lampp/htdocs/debian/~ for files to index.
[Info  - 11:40:04] Searching file:///opt/lampp/htdocs/debian/~/.vscode-root for files to index.
[Info  - 11:40:04] Searching file:///opt/lampp/htdocs/debian/~/.vscode-root/Backups for files to index.
[Info  - 11:40:04] Searching file:///opt/lampp/htdocs/debian/~/.vscode-root/Backups/694029a9df882d012a0533935167d8be for files to index.
[Info  - 11:40:04] Searching file:///opt/lampp/htdocs/debian/~/.vscode-root/Backups/694029a9df882d012a0533935167d8be/file for files to index.
[Info  - 11:40:04] Searching file:///opt/lampp/htdocs/debian/~/.vscode-root/Cache for files to index.
[Info  - 11:40:04] Searching file:///opt/lampp/htdocs/debian/~/.vscode-root/Cache/Cache_Data for files to index.
[Info  - 11:40:04] Searching file:///opt/lampp/htdocs/debian/~/.vscode-root/Cache/Cache_Data/index-dir for files to index.
[Info  - 11:40:04] Searching file:///opt/lampp/htdocs/debian/~/.vscode-root/CachedData for files to index.
[Info  - 11:40:04] Searching file:///opt/lampp/htdocs/debian/~/.vscode-root/CachedData/f1a4fb101478ce6ec82fe9627c43efbf9e98c813 for files to index.
[Info  - 11:40:04] Searching file:///opt/lampp/htdocs/debian/~/.vscode-root/CachedData/f1a4fb101478ce6ec82fe9627c43efbf9e98c813/chrome for files to index.
[Info  - 11:40:04] Searching file:///opt/lampp/htdocs/debian/~/.vscode-root/CachedData/f1a4fb101478ce6ec82fe9627c43efbf9e98c813/chrome/js for files to index.
[Info  - 11:40:04] Searching file:///opt/lampp/htdocs/debian/~/.vscode-root/CachedData/f1a4fb101478ce6ec82fe9627c43efbf9e98c813/chrome/js/index-dir for files to index.
[Info  - 11:40:04] Searching file:///opt/lampp/htdocs/debian/~/.vscode-root/CachedData/f1a4fb101478ce6ec82fe9627c43efbf9e98c813/chrome/wasm for files to index.
[Info  - 11:40:04] Searching file:///opt/lampp/htdocs/debian/~/.vscode-root/CachedData/f1a4fb101478ce6ec82fe9627c43efbf9e98c813/chrome/wasm/index-dir for files to index.
[Info  - 11:40:04] Searching file:///opt/lampp/htdocs/debian/~/.vscode-root/CachedExtensionVSIXs for files to index.
[Info  - 11:40:04] Searching file:///opt/lampp/htdocs/debian/~/.vscode-root/CachedProfilesData for files to index.
[Info  - 11:40:04] Searching file:///opt/lampp/htdocs/debian/~/.vscode-root/CachedProfilesData/__default__profile__ for files to index.
[Info  - 11:40:04] Searching file:///opt/lampp/htdocs/debian/~/.vscode-root/Code%20Cache for files to index.
[Info  - 11:40:04] Searching file:///opt/lampp/htdocs/debian/~/.vscode-root/Code%20Cache/js for files to index.
[Info  - 11:40:04] Searching file:///opt/lampp/htdocs/debian/~/.vscode-root/Code%20Cache/js/index-dir for files to index.
[Info  - 11:40:04] Searching file:///opt/lampp/htdocs/debian/~/.vscode-root/Code%20Cache/wasm for files to index.
[Info  - 11:40:04] Searching file:///opt/lampp/htdocs/debian/~/.vscode-root/Code%20Cache/wasm/index-dir for files to index.
[Info  - 11:40:04] Searching file:///opt/lampp/htdocs/debian/~/.vscode-root/Crashpad for files to index.
[Info  - 11:40:04] Searching file:///opt/lampp/htdocs/debian/~/.vscode-root/Crashpad/attachments for files to index.
[Info  - 11:40:04] Searching file:///opt/lampp/htdocs/debian/~/.vscode-root/Crashpad/completed for files to index.
[Info  - 11:40:04] Searching file:///opt/lampp/htdocs/debian/~/.vscode-root/Crashpad/new for files to index.
[Info  - 11:40:04] Searching file:///opt/lampp/htdocs/debian/~/.vscode-root/Crashpad/pending for files to index.
[Info  - 11:40:04] Searching file:///opt/lampp/htdocs/debian/~/.vscode-root/DawnGraphiteCache for files to index.
[Info  - 11:40:04] Searching file:///opt/lampp/htdocs/debian/~/.vscode-root/DawnWebGPUCache for files to index.
[Info  - 11:40:04] Searching file:///opt/lampp/htdocs/debian/~/.vscode-root/Dictionaries for files to index.
[Info  - 11:40:04] Searching file:///opt/lampp/htdocs/debian/~/.vscode-root/GPUCache for files to index.
[Info  - 11:40:04] Searching file:///opt/lampp/htdocs/debian/~/.vscode-root/Local%20Storage for files to index.
[Info  - 11:40:04] Searching file:///opt/lampp/htdocs/debian/~/.vscode-root/Local%20Storage/leveldb for files to index.
[Info  - 11:40:04] Searching file:///opt/lampp/htdocs/debian/~/.vscode-root/Service%20Worker for files to index.
[Info  - 11:40:04] Searching file:///opt/lampp/htdocs/debian/~/.vscode-root/Service%20Worker/Database for files to index.
[Info  - 11:40:04] Searching file:///opt/lampp/htdocs/debian/~/.vscode-root/Service%20Worker/ScriptCache for files to index.
[Info  - 11:40:04] Searching file:///opt/lampp/htdocs/debian/~/.vscode-root/Service%20Worker/ScriptCache/index-dir for files to index.
[Info  - 11:40:04] Searching file:///opt/lampp/htdocs/debian/~/.vscode-root/Shared%20Dictionary for files to index.
[Info  - 11:40:04] Searching file:///opt/lampp/htdocs/debian/~/.vscode-root/Shared%20Dictionary/cache for files to index.
[Info  - 11:40:04] Searching file:///opt/lampp/htdocs/debian/~/.vscode-root/Shared%20Dictionary/cache/index-dir for files to index.
[Info  - 11:40:04] Searching file:///opt/lampp/htdocs/debian/~/.vscode-root/User for files to index.
[Info  - 11:40:04] Searching file:///opt/lampp/htdocs/debian/~/.vscode-root/User/History for files to index.
[Info  - 11:40:04] Searching file:///opt/lampp/htdocs/debian/~/.vscode-root/User/History/-209948ad for files to index.
[Info  - 11:40:04] Searching file:///opt/lampp/htdocs/debian/~/.vscode-root/User/History/-24cee531 for files to index.
[Info  - 11:40:04] Searching file:///opt/lampp/htdocs/debian/~/.vscode-root/User/History/6027f930 for files to index.
[Info  - 11:40:04] Searching file:///opt/lampp/htdocs/debian/~/.vscode-root/User/globalStorage for files to index.
[Info  - 11:40:04] Searching file:///opt/lampp/htdocs/debian/~/.vscode-root/User/globalStorage/bmewburn.vscode-intelephense-client for files to index.
[Info  - 11:40:04] Searching file:///opt/lampp/htdocs/debian/~/.vscode-root/User/snippets for files to index.
[Info  - 11:40:04] Searching file:///opt/lampp/htdocs/debian/~/.vscode-root/User/workspaceStorage for files to index.
[Info  - 11:40:04] Searching file:///opt/lampp/htdocs/debian/~/.vscode-root/User/workspaceStorage/1733149814565 for files to index.
[Info  - 11:40:04] Searching file:///opt/lampp/htdocs/debian/~/.vscode-root/User/workspaceStorage/c0893fea2831ab5ca905fff42b94a76c for files to index.
[Info  - 11:40:04] Searching file:///opt/lampp/htdocs/debian/~/.vscode-root/User/workspaceStorage/c0893fea2831ab5ca905fff42b94a76c/bmewburn.vscode-intelephense-client for files to index.
[Info  - 11:40:04] Searching file:///opt/lampp/htdocs/debian/~/.vscode-root/User/workspaceStorage/c0893fea2831ab5ca905fff42b94a76c/bmewburn.vscode-intelephense-client/3425f039 for files to index.
[Info  - 11:40:04] Searching file:///opt/lampp/htdocs/debian/~/.vscode-root/WebStorage for files to index.
[Info  - 11:40:04] Searching file:///opt/lampp/htdocs/debian/~/.vscode-root/WebStorage/1 for files to index.
[Info  - 11:40:04] Searching file:///opt/lampp/htdocs/debian/~/.vscode-root/WebStorage/1/CacheStorage for files to index.
[Info  - 11:40:04] Searching file:///opt/lampp/htdocs/debian/~/.vscode-root/WebStorage/1/CacheStorage/a5b0e7c0-b8b0-4864-a94f-7408f676eb7d for files to index.
[Info  - 11:40:04] Searching file:///opt/lampp/htdocs/debian/~/.vscode-root/WebStorage/1/CacheStorage/a5b0e7c0-b8b0-4864-a94f-7408f676eb7d/index-dir for files to index.
[Info  - 11:40:04] Searching file:///opt/lampp/htdocs/debian/~/.vscode-root/WebStorage/2 for files to index.
[Info  - 11:40:04] Searching file:///opt/lampp/htdocs/debian/~/.vscode-root/WebStorage/2/CacheStorage for files to index.
[Info  - 11:40:04] Searching file:///opt/lampp/htdocs/debian/~/.vscode-root/WebStorage/2/CacheStorage/ea3c0753-1920-4ef3-8901-618024aab16e for files to index.
[Info  - 11:40:04] Searching file:///opt/lampp/htdocs/debian/~/.vscode-root/WebStorage/2/CacheStorage/ea3c0753-1920-4ef3-8901-618024aab16e/index-dir for files to index.
[Info  - 11:40:04] Searching file:///opt/lampp/htdocs/debian/~/.vscode-root/blob_storage for files to index.
[Info  - 11:40:04] Searching file:///opt/lampp/htdocs/debian/~/.vscode-root/blob_storage/6f7f108e-211e-4ea3-a493-06d9ddce8c60 for files to index.
[Info  - 11:40:04] Searching file:///opt/lampp/htdocs/debian/~/.vscode-root/logs for files to index.
[Info  - 11:40:04] Searching file:///opt/lampp/htdocs/debian/~/.vscode-root/logs/20241202T113013 for files to index.
[Info  - 11:40:04] Searching file:///opt/lampp/htdocs/debian/~/.vscode-root/logs/20241202T113013/window1 for files to index.
[Info  - 11:40:04] Searching file:///opt/lampp/htdocs/debian/~/.vscode-root/logs/20241202T113013/window1/exthost for files to index.
[Info  - 11:40:04] Searching file:///opt/lampp/htdocs/debian/~/.vscode-root/logs/20241202T113013/window1/exthost/output_logging_20241202T113031 for files to index.
[Info  - 11:40:04] Searching file:///opt/lampp/htdocs/debian/~/.vscode-root/logs/20241202T113013/window1/exthost/vscode.git for files to index.
[Info  - 11:40:04] Searching file:///opt/lampp/htdocs/debian/~/.vscode-root/logs/20241202T113013/window1/exthost/vscode.github for files to index.
[Info  - 11:40:04] Searching file:///opt/lampp/htdocs/debian/~/.vscode-root/logs/20241202T113013/window1/exthost/vscode.json-language-features for files to index.
[Info  - 11:40:04] Searching file:///opt/lampp/htdocs/debian/~/.vscode-root/logs/20241202T113013/window1/output_20241202T113015 for files to index.
[Info  - 11:40:04] Searching file:///opt/lampp/htdocs/debian/~/.vscode-root/logs/20241202T113013/window1/output_20241202T113031 for files to index.
[Info  - 11:40:04] Indexing started.
[Info  - 11:40:06] Indexing ended. 256 files indexed in 1s.
[Warn  - 11:42:26] Error: ENOENT: no such file or directory, stat '/opt/lampp/htdocs/debian/~/.vscode-root/User/globalStorage/state.vscdb-journal'
[Info  - 11:43:07] Searching file:///opt/lampp/htdocs/debian/~/.vscode-root/User/History/-426ab78c for files to index.
[Warn  - 11:44:09] Error: ENOENT: no such file or directory, stat '/opt/lampp/htdocs/debian/~/.vscode-root/Backups/694029a9df882d012a0533935167d8be/file/624e2520'
[Warn  - 11:44:18] textDocument/didOpen ignored. file:///opt/lampp/htdocs/debian/vendor/vendor/autoload.php matches excluded file glob.
[Info  - 11:44:47] Searching file:///opt/lampp/htdocs/debian/~/.vscode-root/User/History/7d109554 for files to index.
[Info  - 11:45:34] Searching file:///opt/lampp/htdocs/debian/~/.vscode-root/User/History/34d79dea for files to index.
[Info  - 11:49:05] Searching file:///opt/lampp/htdocs/debian/vendor/phpmailer for files to index.
[Info  - 11:49:05] Searching file:///opt/lampp/htdocs/debian/vendor/composer for files to index.
[Info  - 11:49:05] Searching file:///opt/lampp/htdocs/debian/vendor for files to index.
[Info  - 11:49:05] Indexing started.
[Info  - 11:49:06] Indexing ended. 130 files indexed in 0s.
[Info  - 11:49:06] Indexing started.
[Info  - 11:49:07] Indexing ended. 1 files indexed in 0s.
[Warn  - 11:57:14] Error: ENOENT: no such file or directory, stat '/opt/lampp/htdocs/debian/~/.vscode-root/Backups/694029a9df882d012a0533935167d8be/file/624e2520'
[Info  - 11:58:13] Searching file:///opt/lampp/htdocs/debian/~/.vscode-root/Backups/694029a9df882d012a0533935167d8be/untitled for files to index.
[Warn  - 12:03:36] Error: ENOENT: no such file or directory, stat '/opt/lampp/htdocs/debian/~/.vscode-root/Backups/694029a9df882d012a0533935167d8be/file/624e2520'
[Info  - 13:39:01] Searching file:///opt/lampp/htdocs/debian/modules/reset_password/forgot-password for files to index.
[Info  - 13:39:08] Indexing started.
[Info  - 13:39:08] Indexing ended. 1 files indexed in 0s.
[Info  - 13:39:09] Searching file:///opt/lampp/htdocs/debian/~/.vscode-root/User/History/9459edc for files to index.
[Info  - 13:39:13] Indexing started.
[Info  - 13:39:13] Indexing ended. 1 files indexed in 0s.
[Info  - 13:39:13] Searching file:///opt/lampp/htdocs/debian/~/.vscode-root/User/History/-757d9038 for files to index.
[Info  - 13:39:13] Indexing started.
[Info  - 13:39:14] Indexing ended. 2 files indexed in 0s.
[Info  - 13:39:17] Indexing started.
[Info  - 13:39:17] Indexing ended. 1 files indexed in 0s.
[Info  - 13:39:17] Searching file:///opt/lampp/htdocs/debian/~/.vscode-root/User/History/500eda82 for files to index.
[Info  - 13:39:23] Indexing started.
[Info  - 13:39:24] Indexing ended. 1 files indexed in 0s.
[Info  - 13:39:24] Searching file:///opt/lampp/htdocs/debian/~/.vscode-root/User/History/-373f1444 for files to index.
[Warn  - 14:26:08] Error: ENOENT: no such file or directory, stat '/opt/lampp/htdocs/debian/~/.vscode-root/User/settings.json.vsctmp'
[Info  - 14:26:08] Searching file:///opt/lampp/htdocs/debian/~/.vscode-root/User/History/-205931d3 for files to index.
[Info  - 14:26:32] Searching file:///opt/lampp/htdocs/debian/~/.vscode-root/User/History/37c6df3b for files to index.
[Warn  - 14:42:59] Error: ENOENT: no such file or directory, stat '/opt/lampp/htdocs/debian/~/.vscode-root/Backups/694029a9df882d012a0533935167d8be/file/-741729d2'
[Warn  - 14:43:22] Error: ENOENT: no such file or directory, stat '/opt/lampp/htdocs/debian/~/.vscode-root/User/globalStorage/storage.json.vsctmp'
[Warn  - 14:50:52] Error: ENOENT: no such file or directory, stat '/opt/lampp/htdocs/debian/~/.vscode-root/Backups/694029a9df882d012a0533935167d8be/file/48ab18b0'
[Warn  - 15:04:16] Error: ENOENT: no such file or directory, stat '/opt/lampp/htdocs/debian/~/.vscode-root/Backups/694029a9df882d012a0533935167d8be/file/8266590'
